app/build/outputs/logs/manifest-merger-debug-report.txt
-- Merging decision tree log ---
manifest
ADDED from src\main\AndroidManifest.xml:17:1-171:12
INJECTED from src\main\AndroidManifest.xml:17:1-171:12
INJECTED from src\main\AndroidManifest.xml:17:1-171:12
INJECTED from src\main\AndroidManifest.xml:17:1-171:12
INJECTED from src\main\AndroidManifest.xml:17:1-171:12
INJECTED from src\main\AndroidManifest.xml:17:1-171:12
INJECTED from src\main\AndroidManifest.xml:17:1-171:12
	package
		ADDED from src\main\AndroidManifest.xml:18:11-52
		INJECTED from src\main\AndroidManifest.xml
		INJECTED from src\main\AndroidManifest.xml
	android:versionName
		ADDED from src\main\AndroidManifest.xml:19:11-38
		INJECTED from src\main\AndroidManifest.xml
		INJECTED from src\main\AndroidManifest.xml
	xmlns:android
		ADDED from src\main\AndroidManifest.xml:17:11-69
	android:versionCode
		ADDED from src\main\AndroidManifest.xml:20:11-36
		INJECTED from src\main\AndroidManifest.xml
		INJECTED from src\main\AndroidManifest.xml
	android:installLocation
		ADDED from src\main\AndroidManifest.xml:21:11-41
uses-permission#android.permission.CAMERA
ADDED from src\main\AndroidManifest.xml:23:3-62
	android:name
		ADDED from src\main\AndroidManifest.xml:23:20-60
uses-permission#android.permission.INTERNET
ADDED from src\main\AndroidManifest.xml:24:3-64
	android:name
		ADDED from src\main\AndroidManifest.xml:24:20-62
uses-permission#android.permission.VIBRATE
ADDED from src\main\AndroidManifest.xml:25:3-63
	android:name
		ADDED from src\main\AndroidManifest.xml:25:20-61
uses-permission#android.permission.FLASHLIGHT
ADDED from src\main\AndroidManifest.xml:26:3-66
	android:name
		ADDED from src\main\AndroidManifest.xml:26:20-64
uses-permission#android.permission.READ_CONTACTS
ADDED from src\main\AndroidManifest.xml:27:3-69
	android:name
		ADDED from src\main\AndroidManifest.xml:27:20-67
uses-permission#com.android.browser.permission.READ_HISTORY_BOOKMARKS
ADDED from src\main\AndroidManifest.xml:29:3-90
	android:name
		ADDED from src\main\AndroidManifest.xml:29:20-88
uses-permission#android.permission.WRITE_EXTERNAL_STORAGE
ADDED from src\main\AndroidManifest.xml:30:3-78
	android:name
		ADDED from src\main\AndroidManifest.xml:30:20-76
uses-permission#android.permission.CHANGE_WIFI_STATE
ADDED from src\main\AndroidManifest.xml:31:3-73
	android:name
		ADDED from src\main\AndroidManifest.xml:31:20-71
uses-permission#android.permission.ACCESS_WIFI_STATE
ADDED from src\main\AndroidManifest.xml:32:3-73
	android:name
		ADDED from src\main\AndroidManifest.xml:32:20-71
uses-sdk
ADDED from src\main\AndroidManifest.xml:34:3-44
INJECTED from src\main\AndroidManifest.xml:34:3-44
INJECTED from src\main\AndroidManifest.xml:34:3-44
INJECTED from src\main\AndroidManifest.xml:34:3-44
INJECTED from src\main\AndroidManifest.xml:34:3-44
	android:targetSdkVersion
		ADDED from src\main\AndroidManifest.xml:34:13-42
		INJECTED from src\main\AndroidManifest.xml
		INJECTED from src\main\AndroidManifest.xml
	android:minSdkVersion
		INJECTED from src\main\AndroidManifest.xml
		ADDED from src\main\AndroidManifest.xml:34:3-44
		INJECTED from src\main\AndroidManifest.xml
uses-feature#android.hardware.camera.any
ADDED from src\main\AndroidManifest.xml:36:3-61
	android:name
		ADDED from src\main\AndroidManifest.xml:36:17-59
uses-feature#android.hardware.camera.autofocus
ADDED from src\main\AndroidManifest.xml:37:3-92
	android:required
		ADDED from src\main\AndroidManifest.xml:37:66-90
	android:name
		ADDED from src\main\AndroidManifest.xml:37:17-65
uses-feature#android.hardware.camera.flash
ADDED from src\main\AndroidManifest.xml:38:3-88
	android:required
		ADDED from src\main\AndroidManifest.xml:38:62-86
	android:name
		ADDED from src\main\AndroidManifest.xml:38:17-61
uses-feature#android.hardware.screen.landscape
ADDED from src\main\AndroidManifest.xml:39:3-67
	android:name
		ADDED from src\main\AndroidManifest.xml:39:17-65
uses-feature#android.hardware.wifi
ADDED from src\main\AndroidManifest.xml:40:3-80
	android:required
		ADDED from src\main\AndroidManifest.xml:40:54-78
	android:name
		ADDED from src\main\AndroidManifest.xml:40:17-53
uses-permission#android.permission.ACCESS_NETWORK_STATE
ADDED from src\main\AndroidManifest.xml:42:3-77
	android:name
		ADDED from src\main\AndroidManifest.xml:42:20-74
application
ADDED from src\main\AndroidManifest.xml:44:3-165:17
	android:label
		ADDED from src\main\AndroidManifest.xml:46:16-48
	android:icon
		ADDED from src\main\AndroidManifest.xml:44:16-47
	android:allowBackup
		ADDED from src\main\AndroidManifest.xml:47:16-42
	android:logo
		ADDED from src\main\AndroidManifest.xml:45:16-47
activity#com.google.zxing.client.android.MainActivity
ADDED from src\main\AndroidManifest.xml:49:5-59:16
	android:parentActivityName
		ADDED from src\main\AndroidManifest.xml:50:9-51
	android:name
		ADDED from src\main\AndroidManifest.xml:49:15-43
meta-data#android.support.PARENT_ACTIVITY
ADDED from src\main\AndroidManifest.xml:52:7-54:43
	android:value
		ADDED from src\main\AndroidManifest.xml:54:11-40
	android:name
		ADDED from src\main\AndroidManifest.xml:53:11-57
intent-filter#action:name:android.intent.action.MAIN+category:name:android.intent.category.LAUNCHER
ADDED from src\main\AndroidManifest.xml:55:7-58:23
action#android.intent.action.MAIN
ADDED from src\main\AndroidManifest.xml:56:9-61
	android:name
		ADDED from src\main\AndroidManifest.xml:56:17-58
category#android.intent.category.LAUNCHER
ADDED from src\main\AndroidManifest.xml:57:9-69
	android:name
		ADDED from src\main\AndroidManifest.xml:57:19-66
activity#com.google.zxing.client.android.CaptureActivity
ADDED from src\main\AndroidManifest.xml:61:5-107:16
	android:screenOrientation
		ADDED from src\main\AndroidManifest.xml:63:15-58
	android:clearTaskOnLaunch
		ADDED from src\main\AndroidManifest.xml:64:15-47
	android:stateNotNeeded
		ADDED from src\main\AndroidManifest.xml:65:15-44
	android:parentActivityName
		ADDED from src\main\AndroidManifest.xml:62:9-51
	android:windowSoftInputMode
		ADDED from src\main\AndroidManifest.xml:67:15-62
	android:theme
		ADDED from src\main\AndroidManifest.xml:66:15-50
	android:name
		ADDED from src\main\AndroidManifest.xml:61:15-46
intent-filter#action:name:com.google.zxing.client.android.SCAN+category:name:android.intent.category.DEFAULT
ADDED from src\main\AndroidManifest.xml:75:7-78:23
action#com.google.zxing.client.android.SCAN
ADDED from src\main\AndroidManifest.xml:76:9-70
	android:name
		ADDED from src\main\AndroidManifest.xml:76:17-68
category#android.intent.category.DEFAULT
ADDED from src\main\AndroidManifest.xml:77:9-67
	android:name
		ADDED from src\main\AndroidManifest.xml:77:19-65
intent-filter#action:name:android.intent.action.VIEW+category:name:android.intent.category.BROWSABLE+category:name:android.intent.category.DEFAULT+data:host:zxing.appspot.com+data:path:/scan+data:scheme:http
ADDED from src\main\AndroidManifest.xml:80:7-85:23
action#android.intent.action.VIEW
ADDED from src\main\AndroidManifest.xml:81:9-60
	android:name
		ADDED from src\main\AndroidManifest.xml:81:17-58
category#android.intent.category.BROWSABLE
ADDED from src\main\AndroidManifest.xml:83:9-69
	android:name
		ADDED from src\main\AndroidManifest.xml:83:19-67
data
ADDED from src\main\AndroidManifest.xml:84:9-92
	android:path
		ADDED from src\main\AndroidManifest.xml:84:70-90
	android:host
		ADDED from src\main\AndroidManifest.xml:84:37-69
	android:scheme
		ADDED from src\main\AndroidManifest.xml:84:15-36
	android:mimeType
		ADDED from src\main\AndroidManifest.xml:121:15-46
intent-filter#action:name:android.intent.action.VIEW+category:name:android.intent.category.BROWSABLE+category:name:android.intent.category.DEFAULT+data:host:www.google.com+data:path:/m/products/scan+data:scheme:http
ADDED from src\main\AndroidManifest.xml:87:7-92:23
intent-filter#action:name:android.intent.action.VIEW+category:name:android.intent.category.BROWSABLE+category:name:android.intent.category.DEFAULT+data:host:www.google.co.uk+data:path:/m/products/scan+data:scheme:http
ADDED from src\main\AndroidManifest.xml:94:7-99:23
intent-filter#action:name:android.intent.action.VIEW+category:name:android.intent.category.BROWSABLE+category:name:android.intent.category.DEFAULT+data:host:scan+data:path:/+data:scheme:zxing
ADDED from src\main\AndroidManifest.xml:101:7-106:23
activity#com.google.zxing.client.android.PreferencesActivity
ADDED from src\main\AndroidManifest.xml:108:5-110:46
	android:stateNotNeeded
		ADDED from src\main\AndroidManifest.xml:110:15-44
	android:label
		ADDED from src\main\AndroidManifest.xml:109:15-55
	android:name
		ADDED from src\main\AndroidManifest.xml:108:15-50
activity#com.google.zxing.client.android.encode.EncodeActivity
ADDED from src\main\AndroidManifest.xml:111:5-129:16
	android:stateNotNeeded
		ADDED from src\main\AndroidManifest.xml:112:15-44
	android:name
		ADDED from src\main\AndroidManifest.xml:111:15-52
intent-filter#action:name:com.google.zxing.client.android.ENCODE+category:name:android.intent.category.DEFAULT
ADDED from src\main\AndroidManifest.xml:113:7-116:23
action#com.google.zxing.client.android.ENCODE
ADDED from src\main\AndroidManifest.xml:114:9-72
	android:name
		ADDED from src\main\AndroidManifest.xml:114:17-70
intent-filter#action:name:android.intent.action.SEND+category:name:android.intent.category.DEFAULT+data:mimeType:text/x-vcard
ADDED from src\main\AndroidManifest.xml:118:7-122:23
action#android.intent.action.SEND
ADDED from src\main\AndroidManifest.xml:119:9-60
	android:name
		ADDED from src\main\AndroidManifest.xml:119:17-58
intent-filter#action:name:android.intent.action.SEND+category:name:android.intent.category.DEFAULT+data:mimeType:text/plain
ADDED from src\main\AndroidManifest.xml:124:7-128:23
activity#com.google.zxing.client.android.book.SearchBookContentsActivity
ADDED from src\main\AndroidManifest.xml:132:5-140:16
	android:screenOrientation
		ADDED from src\main\AndroidManifest.xml:135:9-52
	android:stateNotNeeded
		ADDED from src\main\AndroidManifest.xml:134:9-38
	android:label
		ADDED from src\main\AndroidManifest.xml:133:9-41
	android:name
		ADDED from src\main\AndroidManifest.xml:132:15-62
intent-filter#action:name:com.google.zxing.client.android.SEARCH_BOOK_CONTENTS+category:name:android.intent.category.DEFAULT
ADDED from src\main\AndroidManifest.xml:136:7-139:23
action#com.google.zxing.client.android.SEARCH_BOOK_CONTENTS
ADDED from src\main\AndroidManifest.xml:137:9-86
	android:name
		ADDED from src\main\AndroidManifest.xml:137:17-84
activity#com.google.zxing.client.android.share.ShareActivity
ADDED from src\main\AndroidManifest.xml:142:5-149:16
	android:screenOrientation
		ADDED from src\main\AndroidManifest.xml:144:15-47
	android:stateNotNeeded
		ADDED from src\main\AndroidManifest.xml:143:15-44
	android:name
		ADDED from src\main\AndroidManifest.xml:142:15-50
intent-filter#action:name:com.google.zxing.client.android.SHARE+category:name:android.intent.category.DEFAULT
ADDED from src\main\AndroidManifest.xml:145:7-148:23
action#com.google.zxing.client.android.SHARE
ADDED from src\main\AndroidManifest.xml:146:9-71
	android:name
		ADDED from src\main\AndroidManifest.xml:146:17-69
activity#com.google.zxing.client.android.history.HistoryActivity
ADDED from src\main\AndroidManifest.xml:150:5-152:46
	android:stateNotNeeded
		ADDED from src\main\AndroidManifest.xml:152:15-44
	android:label
		ADDED from src\main\AndroidManifest.xml:151:15-52
	android:name
		ADDED from src\main\AndroidManifest.xml:150:15-54
activity#com.google.zxing.client.android.share.BookmarkPickerActivity
ADDED from src\main\AndroidManifest.xml:153:5-155:46
	android:stateNotNeeded
		ADDED from src\main\AndroidManifest.xml:155:15-44
	android:label
		ADDED from src\main\AndroidManifest.xml:154:15-59
	android:name
		ADDED from src\main\AndroidManifest.xml:153:15-59
activity#com.google.zxing.client.android.share.AppPickerActivity
ADDED from src\main\AndroidManifest.xml:156:5-158:46
	android:stateNotNeeded
		ADDED from src\main\AndroidManifest.xml:158:15-44
	android:label
		ADDED from src\main\AndroidManifest.xml:157:15-54
	android:name
		ADDED from src\main\AndroidManifest.xml:156:15-54
activity#com.google.zxing.client.android.HelpActivity
ADDED from src\main\AndroidManifest.xml:159:5-162:46
	android:screenOrientation
		ADDED from src\main\AndroidManifest.xml:161:15-47
	android:stateNotNeeded
		ADDED from src\main\AndroidManifest.xml:162:15-44
	android:label
		ADDED from src\main\AndroidManifest.xml:160:15-48
	android:name
		ADDED from src\main\AndroidManifest.xml:159:15-43